0 info it worked if it ends with ok
1 verbose cli [ 'c:\\Program Files (x86)\\nodejs\\node.exe',
1 verbose cli   'C:\\Users\\Philippe\\AppData\\Roaming\\npm\\node_modules\\npm\\bin\\npm-cli.js',
1 verbose cli   'start' ]
2 info using npm@3.10.9
3 info using node@v7.1.0
4 verbose run-script [ 'prestart', 'start', 'poststart' ]
5 info lifecycle mapp@0.0.0~prestart: mapp@0.0.0
6 silly lifecycle mapp@0.0.0~prestart: no script for prestart, continuing
7 info lifecycle mapp@0.0.0~start: mapp@0.0.0
8 verbose lifecycle mapp@0.0.0~start: unsafe-perm in lifecycle true
9 verbose lifecycle mapp@0.0.0~start: PATH: C:\Users\Philippe\AppData\Roaming\npm\node_modules\npm\bin\node-gyp-bin;c:\Users\Philippe\repos\MApp\mapp\node_modules\.bin;c:\Users\Philippe\bin;.;C:\Program Files (x86)\Git\local\bin;C:\Program Files (x86)\Git\mingw\bin;C:\Program Files (x86)\Git\bin;C:\Program Files (x86)\Git\bin;c:\ProgramData\Oracle\Java\javapath;c:\Windows\system32;c:\Windows;c:\Windows\System32\Wbem;c:\Windows\System32\WindowsPowerShell\v1.0\;c:\Program Files (x86)\ATI Technologies\ATI.ACE\Core-Static;c:\Program Files\Microsoft SQL Server\110\Tools\Binn\;c:\Program Files\Microsoft SQL Server\120\Tools\Binn\;c:\Program Files (x86)\MiKTeX 2.9\miktex\bin\;c:\Program Files (x86)\GtkSharp\2.12\bin;c:\Program Files (x86)\Skype\Phone\;c:\Program Files (x86)\nodejs\;c:\Program Files (x86)\Windows Kits\8.1\Windows Performance Toolkit\;c:\Users\Philippe\AppData\Local\Programs\Python\Python35-32\Scripts\;c:\Users\Philippe\AppData\Local\Programs\Python\Python35-32\;c:\Users\Philippe\AppData\Roaming\npm
10 verbose lifecycle mapp@0.0.0~start: CWD: c:\Users\Philippe\repos\MApp\mapp
11 silly lifecycle mapp@0.0.0~start: Args: [ '/d /s /c', 'node ./bin/www' ]
12 silly lifecycle mapp@0.0.0~start: Returned: code: 3221225786  signal: null
13 info lifecycle mapp@0.0.0~start: Failed to exec start script
14 verbose stack Error: mapp@0.0.0 start: `node ./bin/www`
14 verbose stack Exit status 3221225786
14 verbose stack     at EventEmitter.<anonymous> (C:\Users\Philippe\AppData\Roaming\npm\node_modules\npm\lib\utils\lifecycle.js:255:16)
14 verbose stack     at emitTwo (events.js:106:13)
14 verbose stack     at EventEmitter.emit (events.js:191:7)
14 verbose stack     at ChildProcess.<anonymous> (C:\Users\Philippe\AppData\Roaming\npm\node_modules\npm\lib\utils\spawn.js:40:14)
14 verbose stack     at emitTwo (events.js:106:13)
14 verbose stack     at ChildProcess.emit (events.js:191:7)
14 verbose stack     at maybeClose (internal/child_process.js:885:16)
14 verbose stack     at Process.ChildProcess._handle.onexit (internal/child_process.js:226:5)
15 verbose pkgid mapp@0.0.0
16 verbose cwd c:\Users\Philippe\repos\MApp\mapp
17 error Windows_NT 6.3.9600
18 error argv "c:\\Program Files (x86)\\nodejs\\node.exe" "C:\\Users\\Philippe\\AppData\\Roaming\\npm\\node_modules\\npm\\bin\\npm-cli.js" "start"
19 error node v7.1.0
20 error npm  v3.10.9
21 error code ELIFECYCLE
22 error mapp@0.0.0 start: `node ./bin/www`
22 error Exit status 3221225786
23 error Failed at the mapp@0.0.0 start script 'node ./bin/www'.
23 error Make sure you have the latest version of node.js and npm installed.
23 error If you do, this is most likely a problem with the mapp package,
23 error not with npm itself.
23 error Tell the author that this fails on your system:
23 error     node ./bin/www
23 error You can get information on how to open an issue for this project with:
23 error     npm bugs mapp
23 error Or if that isn't available, you can get their info via:
23 error     npm owner ls mapp
23 error There is likely additional logging output above.
24 verbose exit [ 1, true ]
